2025-02-19 22:00:01,560 : INFO : root : Loading config.
2025-02-19 22:00:01,564 : INFO : YamlMultifileConfigLoader : Machine config file #1: config.yaml
2025-02-19 22:00:01,564 : INFO : ConfigProcessor : Loading config from cache: C:\Users\trent\AppData\Local\Temp\c07d8a3b92a5351aaef2a0fa83378055.mpf_cache
2025-02-19 22:00:01,636 : WARNING : ConfigProcessor : Config file in cache changed: C:\Users\trent\pinball\GravityFalls\modes\attract\config\attract.yaml
2025-02-19 22:00:01,636 : INFO : ConfigProcessor : Loading config from file C:\Users\trent\mpf\Lib\site-packages\mpf\modes\attract\config\attract.yaml.
2025-02-19 22:00:01,636 : INFO : ConfigProcessor : Loading config: C:\Users\trent\mpf\Lib\site-packages\mpf\modes\attract\config\attract.yaml
2025-02-19 22:00:01,636 : INFO : ConfigProcessor : Loading config from file C:\Users\trent\pinball\GravityFalls\modes\attract\config\attract.yaml.
2025-02-19 22:00:01,645 : INFO : ConfigProcessor : Loading config: C:\Users\trent\pinball\GravityFalls\modes\attract\config\attract.yaml
2025-02-19 22:00:01,645 : INFO : ConfigProcessor : Config file cache created: C:\Users\trent\AppData\Local\Temp\a8766a57fbe1375146e2365e9e80b95c.mpf_cache
2025-02-19 22:00:01,647 : INFO : ConfigProcessor : Loading config from cache: C:\Users\trent\AppData\Local\Temp\eb90229efd63bf9eed2a8ccb975cc386.mpf_cache
2025-02-19 22:00:01,648 : INFO : ConfigProcessor : Loading config from cache: C:\Users\trent\AppData\Local\Temp\a8766a57fbe1375146e2365e9e80b95c.mpf_cache
2025-02-19 22:00:01,654 : INFO : ConfigProcessor : Loading config from cache: C:\Users\trent\AppData\Local\Temp\5836b850443186c4113427024791a6e3.mpf_cache
2025-02-19 22:00:01,655 : INFO : Machine : Mission Pinball Framework Core Engine v0.80.0.dev6
2025-02-19 22:00:01,655 : INFO : Machine : Command line arguments: {'no_load_cache': False, 'create_config_cache': True, 'bcp': True, 'configfile': ['config.yaml'], 'force_assets_load': False, 'platform_integration_test': False, 'jsonlogging': False, 'logfile': 'logs\\2025-02-19-22-00-01-mpf-LAPTOP-1BO61L10.log', 'pause': False, 'production': False, 'text_ui': False, 'loglevel': 15, 'consoleloglevel': 20, 'force_platform': 'virtual', 'syslog_address': None, 'full_logfile_path': 'C:\\Users\\trent\\pinball\\GravityFalls\\logs\\2025-02-19-22-00-01-mpf-LAPTOP-1BO61L10.log'}
2025-02-19 22:00:01,655 : INFO : Machine : MPF path: C:\Users\trent\mpf\Lib\site-packages\mpf
2025-02-19 22:00:01,655 : INFO : Machine : Machine path: C:\Users\trent\pinball\GravityFalls
2025-02-19 22:00:01,655 : INFO : Machine : Platform: win32
2025-02-19 22:00:01,655 : INFO : Machine : Python executable location: C:\Users\trent\mpf\Scripts\python.exe
2025-02-19 22:00:01,655 : INFO : Machine : Python version: 3.12.9 (64-bit)
2025-02-19 22:00:01,656 : INFO : Machine : Initializing MPF...
2025-02-19 22:00:01,720 : INFO : EventManager : Event: ======'machine_var_credits_string'====== Args={'value': 'FREE PLAY', 'prev_value': None, 'change': True}
2025-02-19 22:00:01,735 : INFO : EventManager : Event: ======'machine_var_master_volume'====== Args={'value': 0.5, 'prev_value': None, 'change': True}
2025-02-19 22:00:01,735 : INFO : EventManager : Event: ======'machine_var_mpf_version'====== Args={'value': 'Mission Pinball Framework v0.80.0.dev6', 'prev_value': None, 'change': True}
2025-02-19 22:00:01,735 : INFO : EventManager : Event: ======'machine_var_mpf_extended_version'====== Args={'value': 'Mission Pinball Framework v0.80.0.dev6, Config version:6, Show version: 6, BCP version:1.1', 'prev_value': None, 'change': True}
2025-02-19 22:00:01,735 : INFO : EventManager : Event: ======'machine_var_python_version'====== Args={'value': '3.12.9', 'prev_value': None, 'change': True}
2025-02-19 22:00:01,798 : INFO : EventManager : Event: ======'machine_var_platform'====== Args={'value': 'Windows-11-10.0.22631-SP0', 'prev_value': None, 'change': True}
2025-02-19 22:00:01,798 : INFO : EventManager : Event: ======'machine_var_platform_system'====== Args={'value': 'Windows', 'prev_value': None, 'change': True}
2025-02-19 22:00:01,798 : INFO : EventManager : Event: ======'machine_var_platform_release'====== Args={'value': '11', 'prev_value': None, 'change': True}
2025-02-19 22:00:01,798 : INFO : EventManager : Event: ======'machine_var_platform_version'====== Args={'value': '10.0.22631', 'prev_value': None, 'change': True}
2025-02-19 22:00:01,798 : INFO : EventManager : Event: ======'machine_var_platform_machine'====== Args={'value': 'AMD64', 'prev_value': None, 'change': True}
2025-02-19 22:00:01,798 : INFO : EventManager : Event: ======'machine_var_log_file_path'====== Args={'value': 'C:\\Users\\trent\\pinball\\GravityFalls\\logs\\2025-02-19-22-00-01-mpf-LAPTOP-1BO61L10.log', 'prev_value': None, 'change': True}
2025-02-19 22:00:01,798 : INFO : EventManager : Event: ======'init_phase_1'====== Args={}
2025-02-19 22:00:01,812 : INFO : EventManager : Event: ======'init_phase_2'====== Args={}
2025-02-19 22:00:01,812 : INFO : EventManager : Event: ======'bcp_connection_attempt'====== Args={'name': 'local_display', 'host': 'localhost', 'port': 5050}
2025-02-19 22:00:01,813 : INFO : BCPClientSocket : Connecting BCP to 'local_display' at localhost:5050...
2025-02-19 22:00:01,819 : INFO : BCPClientSocket : Connected BCP to 'local_display' localhost:5050
2025-02-19 22:00:01,819 : INFO : EventManager : Event: ======'bcp_clients_connected'====== Args={}
2025-02-19 22:00:01,819 : INFO : ball_device.bd_plunger : BCH: Initial count: 0
2025-02-19 22:00:01,819 : INFO : ball_device.bd_plunger : State: idle
2025-02-19 22:00:01,819 : INFO : ball_device.bd_trough : BCH: Initial count: 0
2025-02-19 22:00:01,819 : INFO : ball_device.bd_trough : State: idle
2025-02-19 22:00:01,825 : INFO : EventManager : Event: ======'init_phase_3'====== Args={}
2025-02-19 22:00:01,826 : INFO : EventManager : Event: ======'init_phase_4'====== Args={}
2025-02-19 22:00:01,826 : INFO : BallController : Initial balls found: 0
2025-02-19 22:00:01,826 : INFO : EventManager : Event: ======'machine_var_audits_switches_s_plunger_lane'====== Args={'value': 0, 'prev_value': None, 'change': True}
2025-02-19 22:00:01,826 : INFO : EventManager : Event: ======'machine_var_audits_switches_s_trough_2'====== Args={'value': 0, 'prev_value': None, 'change': True}
2025-02-19 22:00:01,826 : INFO : EventManager : Event: ======'machine_var_audits_switches_s_trough_3'====== Args={'value': 0, 'prev_value': None, 'change': True}
2025-02-19 22:00:01,826 : INFO : EventManager : Event: ======'machine_var_audits_switches_s_trough_1'====== Args={'value': 0, 'prev_value': None, 'change': True}
2025-02-19 22:00:01,826 : INFO : EventManager : Event: ======'machine_var_audits_switches_s_flipper_left'====== Args={'value': 0, 'prev_value': None, 'change': True}
2025-02-19 22:00:01,826 : INFO : EventManager : Event: ======'machine_var_audits_switches_s_flipper_right'====== Args={'value': 0, 'prev_value': None, 'change': True}
2025-02-19 22:00:01,826 : INFO : EventManager : Event: ======'machine_var_audits_events_game_started'====== Args={'value': 0, 'prev_value': None, 'change': True}
2025-02-19 22:00:01,826 : INFO : EventManager : Event: ======'machine_var_audits_events_game_ended'====== Args={'value': 0, 'prev_value': None, 'change': True}
2025-02-19 22:00:01,826 : INFO : EventManager : Event: ======'machine_var_audits_player_score'====== Args={'value': {'top': [], 'average': 0, 'total': 0}, 'prev_value': None, 'change': True}
2025-02-19 22:00:01,827 : INFO : EventManager : Event: ======'init_phase_5'====== Args={}
2025-02-19 22:00:01,827 : INFO : EventManager : Event: ======'init_done'====== Args={}
2025-02-19 22:00:01,827 : INFO : EventManager : Event: ======'machine_reset_phase_1'====== Args={}
2025-02-19 22:00:01,832 : INFO : EventManager : Event: ======'machine_reset_phase_2'====== Args={}
2025-02-19 22:00:01,833 : INFO : EventManager : Event: ======'machine_reset_phase_3'====== Args={}
2025-02-19 22:00:01,833 : INFO : EventManager : Event: ======'reset_complete'====== Args={}
2025-02-19 22:00:01,833 : INFO : EventManager : Event: ======'mode_attract_will_start'====== Args={}
2025-02-19 22:00:01,833 : INFO : Timer.attract_carousel_timer : Starting Timer.
2025-02-19 22:00:01,833 : INFO : EventManager : Event: ======'timer_attract_carousel_timer_started'====== Args={'ticks': 0, 'ticks_remaining': 1}
2025-02-19 22:00:01,833 : INFO : EventManager : Event: ======'timer_attract_carousel_timer_tick'====== Args={'ticks': 0, 'ticks_remaining': 1}
2025-02-19 22:00:01,833 : INFO : EventManager : Event: ======'mode_attract_starting'====== Args={}
2025-02-19 22:00:01,833 : INFO : Mode.attract : Started. Priority: 10
2025-02-19 22:00:01,833 : INFO : EventManager : Event: ======'modes_active_modes_changed'====== Args={}
2025-02-19 22:00:01,833 : INFO : EventManager : Event: ======'mode_attract_started'====== Args={}
2025-02-19 22:00:01,833 : INFO : EventManager : Event: ======'collecting_balls_complete'====== Args={}
2025-02-19 22:00:01,833 : INFO : EventManager : Event: ======'item_highlighted'====== Args={'carousel': 'attract', 'direction': None, 'item': 'title'}
2025-02-19 22:00:01,835 : INFO : EventManager : Event: ======'timer_attract_carousel_timer_tick'====== Args={'ticks': 0, 'ticks_remaining': 1}
2025-02-19 22:00:01,835 : INFO : Machine : Starting the main run loop with active modes: [<Mode.attract>]
2025-02-19 22:00:01,871 : INFO : EventManager : Event: ======'slide_attract_created'====== Args={'_from_bcp': True}
2025-02-19 22:00:01,871 : INFO : EventManager : Event: ======'slide__removed'====== Args={'_from_bcp': True}
2025-02-19 22:00:01,872 : INFO : EventManager : Event: ======'slide_attract_active'====== Args={'original_context': 'attract', 'original_calling_context': 'mode_attract_started', 'priority': 10.0, 'cmd': 'slides_play', '_from_bcp': True}
2025-02-19 22:00:04,824 : INFO : SwitchController : <<<<<<< 's_flipper_right' active >>>>>>>
2025-02-19 22:00:04,824 : INFO : EventManager : Event: ======'s_flipper_right_active'====== Args={}
2025-02-19 22:00:04,824 : INFO : EventManager : Event: ======'item_highlighted'====== Args={'carousel': 'attract', 'direction': 'forwards', 'item': 'credits'}
2025-02-19 22:00:04,825 : INFO : EventManager : Event: ======'timer_attract_carousel_timer_tick'====== Args={'ticks': 0, 'ticks_remaining': 1}
2025-02-19 22:00:04,923 : INFO : SwitchController : <<<<<<< 's_flipper_right' inactive >>>>>>>
2025-02-19 22:00:05,407 : INFO : SwitchController : <<<<<<< 's_flipper_right' active >>>>>>>
2025-02-19 22:00:05,407 : INFO : EventManager : Event: ======'s_flipper_right_active'====== Args={}
2025-02-19 22:00:05,407 : INFO : EventManager : Event: ======'item_highlighted'====== Args={'carousel': 'attract', 'direction': 'forwards', 'item': 'mpf_logo'}
2025-02-19 22:00:05,407 : INFO : EventManager : Event: ======'timer_attract_carousel_timer_tick'====== Args={'ticks': 0, 'ticks_remaining': 1}
2025-02-19 22:00:05,491 : INFO : SwitchController : <<<<<<< 's_flipper_right' inactive >>>>>>>
2025-02-19 22:00:05,940 : INFO : SwitchController : <<<<<<< 's_flipper_right' active >>>>>>>
2025-02-19 22:00:05,940 : INFO : EventManager : Event: ======'s_flipper_right_active'====== Args={}
2025-02-19 22:00:05,940 : INFO : EventManager : Event: ======'item_highlighted'====== Args={'carousel': 'attract', 'direction': 'forwards', 'item': 'title'}
2025-02-19 22:00:05,940 : INFO : EventManager : Event: ======'timer_attract_carousel_timer_tick'====== Args={'ticks': 0, 'ticks_remaining': 1}
2025-02-19 22:00:06,023 : INFO : SwitchController : <<<<<<< 's_flipper_right' inactive >>>>>>>
2025-02-19 22:00:06,391 : INFO : SwitchController : <<<<<<< 's_flipper_right' active >>>>>>>
2025-02-19 22:00:06,391 : INFO : EventManager : Event: ======'s_flipper_right_active'====== Args={}
2025-02-19 22:00:06,391 : INFO : EventManager : Event: ======'item_highlighted'====== Args={'carousel': 'attract', 'direction': 'forwards', 'item': 'credits'}
2025-02-19 22:00:06,391 : INFO : EventManager : Event: ======'timer_attract_carousel_timer_tick'====== Args={'ticks': 0, 'ticks_remaining': 1}
2025-02-19 22:00:06,474 : INFO : SwitchController : <<<<<<< 's_flipper_right' inactive >>>>>>>
2025-02-19 22:00:06,591 : INFO : SwitchController : <<<<<<< 's_flipper_right' active >>>>>>>
2025-02-19 22:00:06,591 : INFO : EventManager : Event: ======'s_flipper_right_active'====== Args={}
2025-02-19 22:00:06,591 : INFO : EventManager : Event: ======'item_highlighted'====== Args={'carousel': 'attract', 'direction': 'forwards', 'item': 'mpf_logo'}
2025-02-19 22:00:06,591 : INFO : EventManager : Event: ======'timer_attract_carousel_timer_tick'====== Args={'ticks': 0, 'ticks_remaining': 1}
2025-02-19 22:00:06,691 : INFO : SwitchController : <<<<<<< 's_flipper_right' inactive >>>>>>>
2025-02-19 22:00:07,043 : INFO : SwitchController : <<<<<<< 's_flipper_right' active >>>>>>>
2025-02-19 22:00:07,043 : INFO : EventManager : Event: ======'s_flipper_right_active'====== Args={}
2025-02-19 22:00:07,043 : INFO : EventManager : Event: ======'item_highlighted'====== Args={'carousel': 'attract', 'direction': 'forwards', 'item': 'title'}
2025-02-19 22:00:07,043 : INFO : EventManager : Event: ======'timer_attract_carousel_timer_tick'====== Args={'ticks': 0, 'ticks_remaining': 1}
2025-02-19 22:00:10,057 : INFO : EventManager : Event: ======'flipper_cradle'====== Args={}
2025-02-19 22:00:10,057 : INFO : Timer.attract_carousel_timer : Stopping Timer
2025-02-19 22:00:10,057 : INFO : EventManager : Event: ======'timer_attract_carousel_timer_stopped'====== Args={'ticks': 0, 'ticks_remaining': 1}
2025-02-19 22:00:12,359 : INFO : SwitchController : <<<<<<< 's_flipper_right' inactive >>>>>>>
2025-02-19 22:00:12,359 : INFO : EventManager : Event: ======'flipper_cradle_release'====== Args={}
2025-02-19 22:00:12,359 : INFO : Timer.attract_carousel_timer : Starting Timer.
2025-02-19 22:00:12,359 : INFO : EventManager : Event: ======'timer_attract_carousel_timer_started'====== Args={'ticks': 0, 'ticks_remaining': 1}
2025-02-19 22:00:12,359 : INFO : EventManager : Event: ======'timer_attract_carousel_timer_tick'====== Args={'ticks': 0, 'ticks_remaining': 1}
2025-02-19 22:00:17,361 : INFO : Timer.attract_carousel_timer : Timer Complete
2025-02-19 22:00:17,361 : INFO : Timer.attract_carousel_timer : Stopping Timer
2025-02-19 22:00:17,361 : INFO : EventManager : Event: ======'timer_attract_carousel_timer_stopped'====== Args={'ticks': 1, 'ticks_remaining': 1}
2025-02-19 22:00:17,361 : INFO : EventManager : Event: ======'timer_attract_carousel_timer_complete'====== Args={'ticks': 1, 'ticks_remaining': 1}
2025-02-19 22:00:17,361 : INFO : EventManager : Event: ======'item_highlighted'====== Args={'carousel': 'attract', 'direction': 'forwards', 'item': 'credits'}
2025-02-19 22:00:17,361 : INFO : Timer.attract_carousel_timer : Starting Timer.
2025-02-19 22:00:17,361 : INFO : EventManager : Event: ======'timer_attract_carousel_timer_started'====== Args={'ticks': 0, 'ticks_remaining': 1}
2025-02-19 22:00:17,361 : INFO : EventManager : Event: ======'timer_attract_carousel_timer_tick'====== Args={'ticks': 0, 'ticks_remaining': 1}
2025-02-19 22:00:22,371 : INFO : Timer.attract_carousel_timer : Timer Complete
2025-02-19 22:00:22,371 : INFO : Timer.attract_carousel_timer : Stopping Timer
2025-02-19 22:00:22,371 : INFO : EventManager : Event: ======'timer_attract_carousel_timer_stopped'====== Args={'ticks': 1, 'ticks_remaining': 1}
2025-02-19 22:00:22,371 : INFO : EventManager : Event: ======'timer_attract_carousel_timer_complete'====== Args={'ticks': 1, 'ticks_remaining': 1}
2025-02-19 22:00:22,371 : INFO : EventManager : Event: ======'item_highlighted'====== Args={'carousel': 'attract', 'direction': 'forwards', 'item': 'mpf_logo'}
2025-02-19 22:00:22,371 : INFO : Timer.attract_carousel_timer : Starting Timer.
2025-02-19 22:00:22,371 : INFO : EventManager : Event: ======'timer_attract_carousel_timer_started'====== Args={'ticks': 0, 'ticks_remaining': 1}
2025-02-19 22:00:22,371 : INFO : EventManager : Event: ======'timer_attract_carousel_timer_tick'====== Args={'ticks': 0, 'ticks_remaining': 1}
2025-02-19 22:00:26,694 : INFO : Machine : Shutting down...
2025-02-19 22:00:26,694 : INFO : EventManager : Event: ======'shutdown'====== Args={}
2025-02-19 22:00:26,695 : INFO : root : MPF run loop ended.
